#
# There is insufficient memory for the Java Runtime Environment to continue.
# Native memory allocation (malloc) failed to allocate 532256 bytes for Chunk::new
# Possible reasons:
#   The system is out of physical RAM or swap space
#   In 32 bit mode, the process size limit was hit
# Possible solutions:
#   Reduce memory load on the system
#   Increase physical memory or swap space
#   Check if swap backing store is full
#   Use 64 bit Java on a 64 bit OS
#   Decrease Java heap size (-Xmx/-Xms)
#   Decrease number of Java threads
#   Decrease Java thread stack sizes (-Xss)
#   Set larger code cache with -XX:ReservedCodeCacheSize=
# This output file may be truncated or incomplete.
#
#  Out of Memory Error (allocation.cpp:390), pid=9476, tid=0x0000000000001bbc
#
# JRE version: Java(TM) SE Runtime Environment (8.0_141-b15) (build 1.8.0_141-b15)
# Java VM: Java HotSpot(TM) 64-Bit Server VM (25.141-b15 mixed mode windows-amd64 compressed oops)
# Failed to write core dump. Minidumps are not enabled by default on client versions of Windows
#

---------------  T H R E A D  ---------------

Current thread (0x000000001973d000):  JavaThread "C2 CompilerThread0" daemon [_thread_in_native, id=7100, stack(0x0000000019f10000,0x000000001a010000)]

Stack: [0x0000000019f10000,0x000000001a010000]
[error occurred during error reporting (printing stack bounds), id 0xc0000005]

Native frames: (J=compiled Java code, j=interpreted, Vv=VM code, C=native code)


Current CompileTask:
C2:   2481 1154       4       javaapplication10.Hour$1::run (458 bytes)


---------------  P R O C E S S  ---------------

Java Threads: ( => current thread )
  0x000000001ada9000 JavaThread "Thread-6" [_thread_blocked, id=2152, stack(0x0000000025d30000,0x0000000025e30000)]
  0x000000001af7b800 JavaThread "Thread-5" [_thread_in_Java, id=2808, stack(0x0000000025c30000,0x0000000025d30000)]
  0x000000001aab8000 JavaThread "Thread-4" [_thread_in_vm, id=8420, stack(0x0000000025b30000,0x0000000025c30000)]
  0x000000001b034000 JavaThread "Thread-3" [_thread_in_Java, id=11560, stack(0x0000000025a30000,0x0000000025b30000)]
  0x000000001ab97800 JavaThread "D3D Screen Updater" daemon [_thread_blocked, id=8972, stack(0x0000000023780000,0x0000000023880000)]
  0x000000001ab75000 JavaThread "Thread-2" [_thread_in_Java, id=5892, stack(0x0000000023680000,0x0000000023780000)]
  0x000000001aa41000 JavaThread "Image Fetcher 0" daemon [_thread_blocked, id=8752, stack(0x0000000022c20000,0x0000000022d20000)]
  0x00000000026d0800 JavaThread "DestroyJavaVM" [_thread_blocked, id=5564, stack(0x0000000002580000,0x0000000002680000)]
  0x000000001a9cf000 JavaThread "AWT-EventQueue-0" [_thread_in_native, id=12204, stack(0x000000001bc40000,0x000000001bd40000)]
  0x000000001a9b0800 JavaThread "AWT-Windows" daemon [_thread_in_native, id=10336, stack(0x000000001b310000,0x000000001b410000)]
  0x000000001a9af800 JavaThread "AWT-Shutdown" [_thread_blocked, id=7464, stack(0x000000001b210000,0x000000001b310000)]
  0x000000001a9af000 JavaThread "Java2D Disposer" daemon [_thread_blocked, id=10952, stack(0x000000001b110000,0x000000001b210000)]
  0x00000000197dd000 JavaThread "Service Thread" daemon [_thread_blocked, id=2408, stack(0x000000001a310000,0x000000001a410000)]
  0x000000001784c000 JavaThread "C1 CompilerThread3" daemon [_thread_blocked, id=11996, stack(0x000000001a210000,0x000000001a310000)]
  0x0000000017849000 JavaThread "C2 CompilerThread2" daemon [_thread_blocked, id=8616, stack(0x000000001a110000,0x000000001a210000)]
  0x0000000019740800 JavaThread "C2 CompilerThread1" daemon [_thread_blocked, id=12408, stack(0x000000001a010000,0x000000001a110000)]
=>0x000000001973d000 JavaThread "C2 CompilerThread0" daemon [_thread_in_native, id=7100, stack(0x0000000019f10000,0x000000001a010000)]
  0x000000001973c000 JavaThread "Attach Listener" daemon [_thread_blocked, id=12640, stack(0x0000000019e10000,0x0000000019f10000)]
  0x000000001973a800 JavaThread "Signal Dispatcher" daemon [_thread_blocked, id=11508, stack(0x0000000019d10000,0x0000000019e10000)]
  0x00000000027cd800 JavaThread "Finalizer" daemon [_thread_blocked, id=10764, stack(0x0000000019b10000,0x0000000019c10000)]
  0x00000000027c4000 JavaThread "Reference Handler" daemon [_thread_blocked, id=12328, stack(0x0000000019610000,0x0000000019710000)]

Other Threads:
  0x0000000017839000 VMThread [stack: 0x0000000019510000,0x0000000019610000] [id=8504]
  0x00000000197f0000 WatcherThread [stack: 0x000000001a810000,0x000000001a910000] [id=5764]

VM state:not at safepoint (normal execution)

VM Mutex/Monitor currently owned by a thread: None

Heap:
 PSYoungGen      total 269824K, used 207486K [0x00000000d5d80000, 0x00000000e6980000, 0x0000000100000000)
  eden space 265728K, 77% used [0x00000000d5d80000,0x00000000e279fa98,0x00000000e6100000)
  from space 4096K, 12% used [0x00000000e6100000,0x00000000e6180030,0x00000000e6500000)
  to   space 3584K, 0% used [0x00000000e6500000,0x00000000e6500000,0x00000000e6880000)
 ParOldGen       total 87552K, used 17956K [0x0000000081800000, 0x0000000086d80000, 0x00000000d5d80000)
  object space 87552K, 20% used [0x0000000081800000,0x00000000829891f0,0x0000000086d80000)
 Metaspace       used 13415K, capacity 13618K, committed 13824K, reserved 1060864K
  class space    used 1719K, capacity 1780K, committed 1792K, reserved 1048576K

Card table byte_map: [0x0000000011c60000,0x0000000012060000] byte_map_base: 0x0000000011854000

Marking Bits: (ParMarkBitMap*) 0x0000000061d9d850
 Begin Bits: [0x0000000012b10000, 0x0000000014ab0000)
 End Bits:   [0x0000000014ab0000, 0x0000000016a50000)

Polling page: 0x0000000002680000

CodeCache: size=245760Kb used=4156Kb max_used=4156Kb free=241603Kb
 bounds [0x00000000028a0000, 0x0000000002cc0000, 0x00000000118a0000]
 total_blobs=1741 nmethods=1226 adapters=429
 compilation: enabled

Compilation events (10 events):
Event: 2.475 Thread 0x000000001784c000 1218       3       sun.java2d.SurfaceData::pixelFor (13 bytes)
Event: 2.475 Thread 0x000000001784c000 nmethod 1218 0x0000000002caae90 code [0x0000000002cab000, 0x0000000002cab308]
Event: 2.475 Thread 0x000000001784c000 1219       3       sun.java2d.loops.SurfaceType::pixelFor (10 bytes)
Event: 2.475 Thread 0x000000001784c000 nmethod 1219 0x0000000002cac890 code [0x0000000002caca00, 0x0000000002cacc28]
Event: 2.477 Thread 0x000000001784c000 1221       3       javax.swing.plaf.nimbus.NimbusStyle$CacheKey::equals (42 bytes)
Event: 2.477 Thread 0x000000001784c000 nmethod 1221 0x0000000002cacd10 code [0x0000000002cace80, 0x0000000002cad268]
Event: 2.477 Thread 0x000000001784c000 1222       3       java.awt.geom.RoundRectIterator::next (11 bytes)
Event: 2.477 Thread 0x000000001784c000 nmethod 1222 0x0000000002cad390 code [0x0000000002cad4e0, 0x0000000002cad630]
Event: 2.478 Thread 0x000000001784c000 1223       3       java.awt.MultipleGradientPaintContext::interpolate (202 bytes)
Event: 2.479 Thread 0x000000001784c000 nmethod 1223 0x0000000002cad690 code [0x0000000002cad880, 0x0000000002cadc70]

GC Heap History (10 events):
Event: 1.169 GC heap before
{Heap before GC invocations=7 (full 0):
 PSYoungGen      total 136192K, used 135772K [0x00000000d5d80000, 0x00000000de580000, 0x0000000100000000)
  eden space 133120K, 100% used [0x00000000d5d80000,0x00000000ddf80000,0x00000000ddf80000)
  from space 3072K, 86% used [0x00000000de280000,0x00000000de517280,0x00000000de580000)
  to   space 3072K, 0% used [0x00000000ddf80000,0x00000000ddf80000,0x00000000de280000)
 ParOldGen       total 87552K, used 40K [0x0000000081800000, 0x0000000086d80000, 0x00000000d5d80000)
  object space 87552K, 0% used [0x0000000081800000,0x000000008180a000,0x0000000086d80000)
 Metaspace       used 12894K, capacity 13092K, committed 13312K, reserved 1060864K
  class space    used 1655K, capacity 1741K, committed 1792K, reserved 1048576K
Event: 1.174 GC heap after
Heap after GC invocations=7 (full 0):
 PSYoungGen      total 136192K, used 160K [0x00000000d5d80000, 0x00000000e6880000, 0x0000000100000000)
  eden space 133120K, 0% used [0x00000000d5d80000,0x00000000d5d80000,0x00000000ddf80000)
  from space 3072K, 5% used [0x00000000ddf80000,0x00000000ddfa8000,0x00000000de280000)
  to   space 3584K, 0% used [0x00000000e6500000,0x00000000e6500000,0x00000000e6880000)
 ParOldGen       total 87552K, used 2680K [0x0000000081800000, 0x0000000086d80000, 0x00000000d5d80000)
  object space 87552K, 3% used [0x0000000081800000,0x0000000081a9e3c0,0x0000000086d80000)
 Metaspace       used 12894K, capacity 13092K, committed 13312K, reserved 1060864K
  class space    used 1655K, capacity 1741K, committed 1792K, reserved 1048576K
}
Event: 1.354 GC heap before
{Heap before GC invocations=8 (full 0):
 PSYoungGen      total 136192K, used 133280K [0x00000000d5d80000, 0x00000000e6880000, 0x0000000100000000)
  eden space 133120K, 100% used [0x00000000d5d80000,0x00000000ddf80000,0x00000000ddf80000)
  from space 3072K, 5% used [0x00000000ddf80000,0x00000000ddfa8000,0x00000000de280000)
  to   space 3584K, 0% used [0x00000000e6500000,0x00000000e6500000,0x00000000e6880000)
 ParOldGen       total 87552K, used 2680K [0x0000000081800000, 0x0000000086d80000, 0x00000000d5d80000)
  object space 87552K, 3% used [0x0000000081800000,0x0000000081a9e3c0,0x0000000086d80000)
 Metaspace       used 12927K, capacity 13156K, committed 13312K, reserved 1060864K
  class space    used 1662K, capacity 1741K, committed 1792K, reserved 1048576K
Event: 1.357 GC heap after
Heap after GC invocations=8 (full 0):
 PSYoungGen      total 269312K, used 160K [0x00000000d5d80000, 0x00000000e6980000, 0x0000000100000000)
  eden space 265728K, 0% used [0x00000000d5d80000,0x00000000d5d80000,0x00000000e6100000)
  from space 3584K, 4% used [0x00000000e6500000,0x00000000e6528000,0x00000000e6880000)
  to   space 4096K, 0% used [0x00000000e6100000,0x00000000e6100000,0x00000000e6500000)
 ParOldGen       total 87552K, used 2680K [0x0000000081800000, 0x0000000086d80000, 0x00000000d5d80000)
  object space 87552K, 3% used [0x0000000081800000,0x0000000081a9e3c0,0x0000000086d80000)
 Metaspace       used 12927K, capacity 13156K, committed 13312K, reserved 1060864K
  class space    used 1662K, capacity 1741K, committed 1792K, reserved 1048576K
}
Event: 1.671 GC heap before
{Heap before GC invocations=9 (full 0):
 PSYoungGen      total 269312K, used 265888K [0x00000000d5d80000, 0x00000000e6980000, 0x0000000100000000)
  eden space 265728K, 100% used [0x00000000d5d80000,0x00000000e6100000,0x00000000e6100000)
  from space 3584K, 4% used [0x00000000e6500000,0x00000000e6528000,0x00000000e6880000)
  to   space 4096K, 0% used [0x00000000e6100000,0x00000000e6100000,0x00000000e6500000)
 ParOldGen       total 87552K, used 2680K [0x0000000081800000, 0x0000000086d80000, 0x00000000d5d80000)
  object space 87552K, 3% used [0x0000000081800000,0x0000000081a9e3c0,0x0000000086d80000)
 Metaspace       used 12942K, capacity 13156K, committed 13312K, reserved 1060864K
  class space    used 1663K, capacity 1741K, committed 1792K, reserved 1048576K
Event: 1.672 GC heap after
Heap after GC invocations=9 (full 0):
 PSYoungGen      total 269824K, used 256K [0x00000000d5d80000, 0x00000000e6980000, 0x0000000100000000)
  eden space 265728K, 0% used [0x00000000d5d80000,0x00000000d5d80000,0x00000000e6100000)
  from space 4096K, 6% used [0x00000000e6100000,0x00000000e6140000,0x00000000e6500000)
  to   space 3584K, 0% used [0x00000000e6500000,0x00000000e6500000,0x00000000e6880000)
 ParOldGen       total 87552K, used 2688K [0x0000000081800000, 0x0000000086d80000, 0x00000000d5d80000)
  object space 87552K, 3% used [0x0000000081800000,0x0000000081aa03c0,0x0000000086d80000)
 Metaspace       used 12942K, capacity 13156K, committed 13312K, reserved 1060864K
  class space    used 1663K, capacity 1741K, committed 1792K, reserved 1048576K
}
Event: 1.941 GC heap before
{Heap before GC invocations=10 (full 0):
 PSYoungGen      total 269824K, used 265984K [0x00000000d5d80000, 0x00000000e6980000, 0x0000000100000000)
  eden space 265728K, 100% used [0x00000000d5d80000,0x00000000e6100000,0x00000000e6100000)
  from space 4096K, 6% used [0x00000000e6100000,0x00000000e6140000,0x00000000e6500000)
  to   space 3584K, 0% used [0x00000000e6500000,0x00000000e6500000,0x00000000e6880000)
 ParOldGen       total 87552K, used 2688K [0x0000000081800000, 0x0000000086d80000, 0x00000000d5d80000)
  object space 87552K, 3% used [0x0000000081800000,0x0000000081aa03c0,0x0000000086d80000)
 Metaspace       used 12969K, capacity 13220K, committed 13312K, reserved 1060864K
  class space    used 1663K, capacity 1741K, committed 1792K, reserved 1048576K
Event: 1.941 GC heap after
Heap after GC invocations=10 (full 0):
 PSYoungGen      total 269312K, used 192K [0x00000000d5d80000, 0x00000000e6980000, 0x0000000100000000)
  eden space 265728K, 0% used [0x00000000d5d80000,0x00000000d5d80000,0x00000000e6100000)
  from space 3584K, 5% used [0x00000000e6500000,0x00000000e6530000,0x00000000e6880000)
  to   space 4096K, 0% used [0x00000000e6100000,0x00000000e6100000,0x00000000e6500000)
 ParOldGen       total 87552K, used 2736K [0x0000000081800000, 0x0000000086d80000, 0x00000000d5d80000)
  object space 87552K, 3% used [0x0000000081800000,0x0000000081aac3c0,0x0000000086d80000)
 Metaspace       used 12969K, capacity 13220K, committed 13312K, reserved 1060864K
  class space    used 1663K, capacity 1741K, committed 1792K, reserved 1048576K
}
Event: 2.242 GC heap before
{Heap before GC invocations=11 (full 0):
 PSYoungGen      total 269312K, used 265920K [0x00000000d5d80000, 0x00000000e6980000, 0x0000000100000000)
  eden space 265728K, 100% used [0x00000000d5d80000,0x00000000e6100000,0x00000000e6100000)
  from space 3584K, 5% used [0x00000000e6500000,0x00000000e6530000,0x00000000e6880000)
  to   space 4096K, 0% used [0x00000000e6100000,0x00000000e6100000,0x00000000e6500000)
 ParOldGen       total 87552K, used 2736K [0x0000000081800000, 0x0000000086d80000, 0x00000000d5d80000)
  object space 87552K, 3% used [0x0000000081800000,0x0000000081aac3c0,0x0000000086d80000)
 Metaspace       used 13217K, capacity 13400K, committed 13568K, reserved 1060864K
  class space    used 1707K, capacity 1775K, committed 1792K, reserved 1048576K
Event: 2.248 GC heap after
Heap after GC invocations=11 (full 0):
 PSYoungGen      total 269824K, used 512K [0x00000000d5d80000, 0x00000000e6980000, 0x0000000100000000)
  eden space 265728K, 0% used [0x00000000d5d80000,0x00000000d5d80000,0x00000000e6100000)
  from space 4096K, 12% used [0x00000000e6100000,0x00000000e6180030,0x00000000e6500000)
  to   space 3584K, 0% used [0x00000000e6500000,0x00000000e6500000,0x00000000e6880000)
 ParOldGen       total 87552K, used 17956K [0x0000000081800000, 0x0000000086d80000, 0x00000000d5d80000)
  object space 87552K, 20% used [0x0000000081800000,0x00000000829891f0,0x0000000086d80000)
 Metaspace       used 13217K, capacity 13400K, committed 13568K, reserved 1060864K
  class space    used 1707K, capacity 1775K, committed 1792K, reserved 1048576K
}

Deoptimization events (10 events):
Event: 1.154 Thread 0x000000001ab75000 Uncommon trap: reason=unstable_if action=reinterpret pc=0x0000000002b839d4 method=java.awt.Component.firePropertyChange(Ljava/lang/String;Ljava/lang/Object;Ljava/lang/Object;)V @ 46
Event: 1.154 Thread 0x000000001ab75000 Uncommon trap: reason=unstable_if action=reinterpret pc=0x0000000002b34a30 method=sun.util.calendar.CalendarDate.setMillis(I)Lsun/util/calendar/CalendarDate; @ 5
Event: 2.157 Thread 0x000000001a9cf000 Uncommon trap: reason=unstable_if action=reinterpret pc=0x0000000002b335e8 method=java.awt.Component.firePropertyChange(Ljava/lang/String;Ljava/lang/Object;Ljava/lang/Object;)V @ 38
Event: 2.181 Thread 0x000000001aa41000 Uncommon trap: reason=unstable_if action=reinterpret pc=0x0000000002b32660 method=sun.util.calendar.BaseCalendar.getFixedDate(IIILsun/util/calendar/BaseCalendar$Date;)J @ 19
Event: 2.181 Thread 0x000000001aa41000 Uncommon trap: reason=predicate action=maybe_recompile pc=0x0000000002b32bc4 method=sun.util.calendar.ZoneInfo.getTransitionIndex(JI)I @ 19
Event: 2.182 Thread 0x000000001aa41000 Uncommon trap: reason=unstable_if action=reinterpret pc=0x0000000002b3599c method=sun.util.calendar.BaseCalendar$Date.hit(J)Z @ 6
Event: 2.222 Thread 0x000000001a9cf000 Uncommon trap: reason=unstable_if action=reinterpret pc=0x0000000002b379dc method=java.awt.Component.firePropertyChange(Ljava/lang/String;Ljava/lang/Object;Ljava/lang/Object;)V @ 30
Event: 2.222 Thread 0x000000001a9cf000 Uncommon trap: reason=unstable_if action=reinterpret pc=0x0000000002b322a8 method=java.awt.Component.firePropertyChange(Ljava/lang/String;II)V @ 8
Event: 2.231 Thread 0x000000001aa41000 Uncommon trap: reason=predicate action=maybe_recompile pc=0x0000000002b2b400 method=sun.util.calendar.ZoneInfo.getTransitionIndex(JI)I @ 19
Event: 2.421 Thread 0x000000001a9cf000 Uncommon trap: reason=bimorphic action=maybe_recompile pc=0x0000000002bd5eb4 method=javax.swing.RepaintManager.addDirtyRegion0(Ljava/awt/Container;IIII)V @ 16

Internal exceptions (10 events):
Event: 0.245 Thread 0x00000000026d0800 Exception <a 'java/lang/ClassNotFoundException': Tree> (0x00000000d6199f40) thrown at [C:\re\workspace\8-2-build-windows-amd64-cygwin\jdk8u141\9370\hotspot\src\share\vm\classfile\systemDictionary.cpp, line 210]
Event: 0.245 Thread 0x00000000026d0800 Exception <a 'java/lang/ClassNotFoundException': Tree> (0x00000000d619a680) thrown at [C:\re\workspace\8-2-build-windows-amd64-cygwin\jdk8u141\9370\hotspot\src\share\vm\classfile\systemDictionary.cpp, line 210]
Event: 0.245 Thread 0x00000000026d0800 Exception <a 'java/lang/ClassNotFoundException': javax/swing/JTreeCell> (0x00000000d619aa00) thrown at [C:\re\workspace\8-2-build-windows-amd64-cygwin\jdk8u141\9370\hotspot\src\share\vm\classfile\systemDictionary.cpp, line 210]
Event: 0.245 Thread 0x00000000026d0800 Exception <a 'java/lang/ClassNotFoundException': TreeCell> (0x00000000d619ae88) thrown at [C:\re\workspace\8-2-build-windows-amd64-cygwin\jdk8u141\9370\hotspot\src\share\vm\classfile\systemDictionary.cpp, line 210]
Event: 0.245 Thread 0x00000000026d0800 Exception <a 'java/lang/ClassNotFoundException': RootPane> (0x00000000d619b8e8) thrown at [C:\re\workspace\8-2-build-windows-amd64-cygwin\jdk8u141\9370\hotspot\src\share\vm\classfile\systemDictionary.cpp, line 210]
Event: 0.533 Thread 0x000000001a9cf000 Exception <a 'java/io/FileNotFoundException'> (0x00000000d65a3e70) thrown at [C:\re\workspace\8-2-build-windows-amd64-cygwin\jdk8u141\9370\hotspot\src\share\vm\prims\jni.cpp, line 709]
Event: 0.536 Thread 0x000000001a9cf000 Exception <a 'java/io/FileNotFoundException'> (0x00000000d65bc758) thrown at [C:\re\workspace\8-2-build-windows-amd64-cygwin\jdk8u141\9370\hotspot\src\share\vm\prims\jni.cpp, line 709]
Event: 0.552 Thread 0x000000001a9cf000 Exception <a 'java/io/FileNotFoundException'> (0x00000000d664d558) thrown at [C:\re\workspace\8-2-build-windows-amd64-cygwin\jdk8u141\9370\hotspot\src\share\vm\prims\jni.cpp, line 709]
Event: 0.554 Thread 0x000000001a9cf000 Exception <a 'java/io/FileNotFoundException'> (0x00000000d6667490) thrown at [C:\re\workspace\8-2-build-windows-amd64-cygwin\jdk8u141\9370\hotspot\src\share\vm\prims\jni.cpp, line 709]
Event: 2.157 Thread 0x000000001a9cf000 Implicit null exception at 0x0000000002b332dd to 0x0000000002b335cd

Events (10 events):
Event: 2.450 loading class javax/swing/plaf/nimbus/ShadowEffect done
Event: 2.450 loading class javax/swing/plaf/nimbus/InnerShadowEffect done
Event: 2.450 loading class javax/swing/plaf/nimbus/Effect$ArrayCache
Event: 2.450 loading class javax/swing/plaf/nimbus/Effect$ArrayCache done
Event: 2.451 loading class javax/swing/plaf/nimbus/EffectUtils
Event: 2.451 loading class javax/swing/plaf/nimbus/EffectUtils done
Event: 2.475 Thread 0x000000001a9cf000 DEOPT PACKING pc=0x0000000002ca2e70 sp=0x000000001bd3bcc0
Event: 2.475 Thread 0x000000001a9cf000 DEOPT UNPACKING pc=0x00000000028e747f sp=0x000000001bd3b9c0 mode 0
Event: 2.475 Thread 0x000000001a9cf000 DEOPT PACKING pc=0x0000000002ca2e70 sp=0x000000001bd3bcc0
Event: 2.475 Thread 0x000000001a9cf000 DEOPT UNPACKING pc=0x00000000028e747f sp=0x000000001bd3b9c0 mode 0


Dynamic libraries:
0x00007ff723bb0000 - 0x00007ff723be7000 	C:\Program Files\Java\jdk1.8.0_141\jre\bin\java.exe
0x00007ff8dce30000 - 0x00007ff8dd00b000 	C:\WINDOWS\SYSTEM32\ntdll.dll
0x00007ff8da5c0000 - 0x00007ff8da66e000 	C:\WINDOWS\System32\KERNEL32.DLL
0x00007ff8d97d0000 - 0x00007ff8d9a19000 	C:\WINDOWS\System32\KERNELBASE.dll
0x00007ff8dc5f0000 - 0x00007ff8dc691000 	C:\WINDOWS\System32\ADVAPI32.dll
0x00007ff8da3f0000 - 0x00007ff8da48d000 	C:\WINDOWS\System32\msvcrt.dll
0x00007ff8dcad0000 - 0x00007ff8dcb29000 	C:\WINDOWS\System32\sechost.dll
0x00007ff8dc720000 - 0x00007ff8dc845000 	C:\WINDOWS\System32\RPCRT4.dll
0x00007ff8dcb40000 - 0x00007ff8dcc8a000 	C:\WINDOWS\System32\USER32.dll
0x00007ff8d9350000 - 0x00007ff8d936e000 	C:\WINDOWS\System32\win32u.dll
0x00007ff8dce00000 - 0x00007ff8dce27000 	C:\WINDOWS\System32\GDI32.dll
0x00007ff8d9470000 - 0x00007ff8d95f7000 	C:\WINDOWS\System32\gdi32full.dll
0x00007ff8d9b40000 - 0x00007ff8d9bda000 	C:\WINDOWS\System32\msvcp_win.dll
0x00007ff8d9370000 - 0x00007ff8d9466000 	C:\WINDOWS\System32\ucrtbase.dll
0x00007ff8d2700000 - 0x00007ff8d2967000 	C:\WINDOWS\WinSxS\amd64_microsoft.windows.common-controls_6595b64144ccf1df_6.0.15063.483_none_26002d27e7c744a2\COMCTL32.dll
0x00007ff8dbab0000 - 0x00007ff8dbda9000 	C:\WINDOWS\System32\combase.dll
0x00007ff8d9ad0000 - 0x00007ff8d9b3a000 	C:\WINDOWS\System32\bcryptPrimitives.dll
0x00007ff8dca20000 - 0x00007ff8dca4d000 	C:\WINDOWS\System32\IMM32.DLL
0x00000000614a0000 - 0x0000000061572000 	C:\Program Files\Java\jdk1.8.0_141\jre\bin\msvcr100.dll
0x0000000061580000 - 0x0000000061e1d000 	C:\Program Files\Java\jdk1.8.0_141\jre\bin\server\jvm.dll
0x00007ff8dc710000 - 0x00007ff8dc718000 	C:\WINDOWS\System32\PSAPI.DLL
0x00007ff8d6370000 - 0x00007ff8d6393000 	C:\WINDOWS\SYSTEM32\WINMM.dll
0x00007ff8d4d50000 - 0x00007ff8d4d5a000 	C:\WINDOWS\SYSTEM32\VERSION.dll
0x00007ff8c84c0000 - 0x00007ff8c84c9000 	C:\WINDOWS\SYSTEM32\WSOCK32.dll
0x00007ff8dc6a0000 - 0x00007ff8dc70c000 	C:\WINDOWS\System32\WS2_32.dll
0x00007ff8d6280000 - 0x00007ff8d62ab000 	C:\WINDOWS\SYSTEM32\WINMMBASE.dll
0x00007ff8d9c40000 - 0x00007ff8d9c89000 	C:\WINDOWS\System32\cfgmgr32.dll
0x0000000061450000 - 0x000000006145f000 	C:\Program Files\Java\jdk1.8.0_141\jre\bin\verify.dll
0x0000000061420000 - 0x0000000061449000 	C:\Program Files\Java\jdk1.8.0_141\jre\bin\java.dll
0x0000000061400000 - 0x0000000061416000 	C:\Program Files\Java\jdk1.8.0_141\jre\bin\zip.dll
0x00007ff8da670000 - 0x00007ff8dbaa7000 	C:\WINDOWS\System32\SHELL32.dll
0x00007ff8dc540000 - 0x00007ff8dc5ea000 	C:\WINDOWS\System32\shcore.dll
0x00007ff8d9c90000 - 0x00007ff8da381000 	C:\WINDOWS\System32\windows.storage.dll
0x00007ff8da390000 - 0x00007ff8da3e1000 	C:\WINDOWS\System32\shlwapi.dll
0x00007ff8d9310000 - 0x00007ff8d9321000 	C:\WINDOWS\System32\kernel.appcore.dll
0x00007ff8d92a0000 - 0x00007ff8d92ec000 	C:\WINDOWS\System32\powrprof.dll
0x00007ff8d92f0000 - 0x00007ff8d9305000 	C:\WINDOWS\System32\profapi.dll
0x0000000061220000 - 0x00000000613b8000 	C:\Program Files\Java\jdk1.8.0_141\jre\bin\awt.dll
0x00007ff8dc900000 - 0x00007ff8dc9c0000 	C:\WINDOWS\System32\OLEAUT32.dll
0x00007ff8d7950000 - 0x00007ff8d79ce000 	C:\WINDOWS\SYSTEM32\apphelp.dll
0x00007ff8d7ba0000 - 0x00007ff8d7c35000 	C:\WINDOWS\system32\uxtheme.dll
0x00007ff8dcc90000 - 0x00007ff8dcdf6000 	C:\WINDOWS\System32\MSCTF.dll
0x00007ff8d6050000 - 0x00007ff8d607a000 	C:\WINDOWS\system32\dwmapi.dll
0x00007ff8dc250000 - 0x00007ff8dc395000 	C:\WINDOWS\System32\ole32.dll
0x00000000611d0000 - 0x0000000061217000 	C:\Program Files\Java\jdk1.8.0_141\jre\bin\fontmanager.dll
0x00007ff8c34b0000 - 0x00007ff8c35d1000 	C:\WINDOWS\system32\opengl32.dll
0x00007ff8d5f10000 - 0x00007ff8d5f3c000 	C:\WINDOWS\SYSTEM32\GLU32.dll
0x00007ff8b0b00000 - 0x00007ff8b0c89000 	C:\WINDOWS\system32\d3d9.dll
0x00007ff8d4920000 - 0x00007ff8d4a0a000 	C:\WINDOWS\System32\DriverStore\FileRepository\nv_dispi.inf_amd64_c791f781cd94491f\nvldumdx.dll
0x00007ff8d9600000 - 0x00007ff8d97c9000 	C:\WINDOWS\System32\crypt32.dll
0x00007ff8d9330000 - 0x00007ff8d9341000 	C:\WINDOWS\System32\MSASN1.dll
0x00007ff8d9be0000 - 0x00007ff8d9c36000 	C:\WINDOWS\System32\WINTRUST.DLL
0x00007ff8da5a0000 - 0x00007ff8da5bd000 	C:\WINDOWS\System32\imagehlp.dll
0x00007ff8d8d50000 - 0x00007ff8d8d67000 	C:\WINDOWS\SYSTEM32\CRYPTSP.dll
0x00007ff8d87d0000 - 0x00007ff8d8804000 	C:\WINDOWS\system32\rsaenh.dll
0x00007ff8d8e60000 - 0x00007ff8d8e85000 	C:\WINDOWS\SYSTEM32\bcrypt.dll
0x00007ff8d8d70000 - 0x00007ff8d8d7b000 	C:\WINDOWS\SYSTEM32\CRYPTBASE.dll
0x00007ff89e190000 - 0x00007ff89f366000 	C:\WINDOWS\System32\DriverStore\FileRepository\nv_dispi.inf_amd64_c791f781cd94491f\nvd3dumx.dll
0x00007ff8d2c90000 - 0x00007ff8d2ee4000 	C:\WINDOWS\system32\nvspcap64.dll
0x00007ff8d84b0000 - 0x00007ff8d84e1000 	C:\WINDOWS\SYSTEM32\ntmarta.dll
0x00007ff8cfe70000 - 0x00007ff8cff5b000 	C:\Program Files (x86)\NVIDIA Corporation\3D Vision\nvSCPAPI64.dll
0x00007ff8dbe10000 - 0x00007ff8dc24b000 	C:\WINDOWS\System32\SETUPAPI.dll
0x00007ff8dc860000 - 0x00007ff8dc8fe000 	C:\WINDOWS\System32\clbcatq.dll
0x00007ff8d5460000 - 0x00007ff8d560c000 	C:\WINDOWS\SYSTEM32\WindowsCodecs.dll
0x00007ff8beff0000 - 0x00007ff8bf037000 	C:\WINDOWS\system32\dataexchange.dll
0x00007ff8d6b00000 - 0x00007ff8d6ddf000 	C:\WINDOWS\system32\d3d11.dll
0x00007ff8d7480000 - 0x00007ff8d75a2000 	C:\WINDOWS\system32\dcomp.dll
0x00007ff8d81f0000 - 0x00007ff8d8294000 	C:\WINDOWS\system32\dxgi.dll
0x00007ff8d7c70000 - 0x00007ff8d7de0000 	C:\WINDOWS\system32\twinapi.appcore.dll
0x00000000613e0000 - 0x00000000613fa000 	C:\Program Files\Java\jdk1.8.0_141\jre\bin\net.dll
0x00007ff8d8bb0000 - 0x00007ff8d8c0c000 	C:\WINDOWS\system32\mswsock.dll
0x00000000613c0000 - 0x00000000613d1000 	C:\Program Files\Java\jdk1.8.0_141\jre\bin\nio.dll
0x0000000061180000 - 0x00000000611c2000 	C:\Program Files\Java\jdk1.8.0_141\jre\bin\t2k.dll
0x00007ff8d37d0000 - 0x00007ff8d3852000 	C:\WINDOWS\System32\TextInputFramework.dll
0x00007ff8d7390000 - 0x00007ff8d7473000 	C:\WINDOWS\System32\CoreMessaging.dll
0x00007ff8d4e10000 - 0x00007ff8d50e2000 	C:\WINDOWS\System32\CoreUIComponents.dll
0x00007ff8d5710000 - 0x00007ff8d5849000 	C:\WINDOWS\SYSTEM32\wintypes.dll
0x00007ff8d6510000 - 0x00007ff8d6525000 	C:\WINDOWS\SYSTEM32\usermgrcli.dll
0x0000000061140000 - 0x000000006116a000 	C:\Program Files\Java\jdk1.8.0_141\jre\bin\dcpr.dll
0x000000005ede0000 - 0x000000005ee11000 	C:\Program Files\Java\jdk1.8.0_141\jre\bin\jpeg.dll

VM Arguments:
jvm_args: -Dfile.encoding=UTF-8 
java_command: javaapplication10.Login
java_class_path (initial): C:\Program Files\NetBeans 8.2\java\modules\ext\beansbinding-1.2.1.jar;C:\Users\Boniolo\Documents\NetBeansProjects\Libs\jcalendar-1.4.jar;C:\Users\Boniolo\Documents\NetBeansProjects\trabalhoLPOO\src\jcalendar-1.4.jar;C:\Users\Boniolo\Desktop\napkinlaf-alpha001.jar;C:\Users\Boniolo\Desktop\jgoodies-looks-2.7.0.jar;C:\Users\Boniolo\Documents\NetBeansProjects\trabalhoLPOO\build\classes
Launcher Type: SUN_STANDARD

Environment Variables:
PATH=C:\ProgramData\Oracle\Java\javapath;C:\WINDOWS\system32;C:\WINDOWS;C:\WINDOWS\System32\Wbem;C:\WINDOWS\System32\WindowsPowerShell\v1.0\;C:\Program Files (x86)\NVIDIA Corporation\PhysX\Common;C:\Python34;"C:\Python34\Scripts;";C:\Users\Boniolo\AppData\Local\Microsoft\WindowsApps
USERNAME=User
OS=Windows_NT
PROCESSOR_IDENTIFIER=AMD64 Family 21 Model 2 Stepping 0, AuthenticAMD



---------------  S Y S T E M  ---------------

OS: Windows 10.0 , 64 bit Build 15063 (10.0.15063.296)

CPU:total 8 (initial active 8) (8 cores per cpu, 1 threads per core) family 21 model 2 stepping 0, cmov, cx8, fxsr, mmx, sse, sse2, sse3, ssse3, sse4.1, sse4.2, popcnt, avx, aes, clmul, mmxext, 3dnowpref, lzcnt, sse4a, tsc, tscinvbit, tscinv, bmi1

Memory: 4k page, physical 8287940k(998652k free), swap 8287940k(5292k free)

vm_info: Java HotSpot(TM) 64-Bit Server VM (25.141-b15) for windows-amd64 JRE (1.8.0_141-b15), built on Jul 12 2017 04:25:12 by "java_re" with MS VC++ 10.0 (VS2010)

time: Fri Dec 01 17:38:53 2017
elapsed time: 2 seconds (0d 0h 0m 2s)

